DEPRECATION WARNING: config.action_view.debug_rjs will be removed in 3.1, from 3.1 onwards you will need to install prototype-rails to continue to use RJS templates . (called from service at /home/paul/.rvm/rubies/ruby-1.9.2-p290/lib/ruby/1.9.1/webrick/httpserver.rb:111)


Started GET "/devices" for 16.25.132.170 at 2011-08-12 16:14:27 +0100
  Processing by DevicesController#index as HTML
Completed 500 Internal Server Error in 3ms

SyntaxError (/home/paul/work/mycar/app/models/device.rb:5: syntax error, unexpected '=', expecting keyword_end
  key :name, String, :required = true
                                ^):
  app/controllers/devices_controller.rb:5:in `index'

Rendered /home/paul/.rvm/gems/ruby-1.9.2-p290/gems/actionpack-3.0.9/lib/action_dispatch/middleware/templates/rescues/_trace.erb (0.7ms)
Rendered /home/paul/.rvm/gems/ruby-1.9.2-p290/gems/actionpack-3.0.9/lib/action_dispatch/middleware/templates/rescues/_request_and_response.erb (3.2ms)
Rendered /home/paul/.rvm/gems/ruby-1.9.2-p290/gems/actionpack-3.0.9/lib/action_dispatch/middleware/templates/rescues/diagnostics.erb within rescues/layout (6.0ms)
DEPRECATION WARNING: config.action_view.debug_rjs will be removed in 3.1, from 3.1 onwards you will need to install prototype-rails to continue to use RJS templates . (called from service at /home/paul/.rvm/rubies/ruby-1.9.2-p290/lib/ruby/1.9.1/webrick/httpserver.rb:111)


Started GET "/devices" for 16.25.132.170 at 2011-08-12 16:14:42 +0100
  Processing by DevicesController#index as HTML
Rendered devices/index.html.erb within layouts/application (1.7ms)
Completed 200 OK in 237ms (Views: 3.6ms)


Started GET "/devices/new" for 16.25.132.170 at 2011-08-12 16:14:44 +0100
  Processing by DevicesController#new as HTML
Rendered devices/_form.html.erb (34.0ms)
Rendered devices/new.html.erb within layouts/application (35.8ms)
Completed 200 OK in 45ms (Views: 37.7ms)


Started POST "/devices" for 16.25.132.170 at 2011-08-12 16:14:48 +0100
  Processing by DevicesController#create as HTML
  Parameters: {"utf8"=>"✓", "authenticity_token"=>"7v1u+w++DKdwaWWh39e72DegSWFGuu++n/Mi9Rz3q40=", "device"=>{"deviceid"=>"e38243f19e001f85c32c595910efd34e", "name"=>"Pauls Desire HD", "description"=>"HTC Desire HD"}, "commit"=>"Create Device"}
Completed 500 Internal Server Error in 9ms

SyntaxError (/home/paul/work/mycar/app/models/reading.rb:6: syntax error, unexpected tSYMBEG, expecting keyword_do or '{' or '('
  key :sensor, ObjectId :required => true
                         ^
/home/paul/work/mycar/app/models/reading.rb:7: syntax error, unexpected tSYMBEG, expecting keyword_do or '{' or '('
  key :value, Decimal :required => true
                       ^):
  app/controllers/devices_controller.rb:46:in `block in create'
  app/controllers/devices_controller.rb:45:in `create'

Rendered /home/paul/.rvm/gems/ruby-1.9.2-p290/gems/actionpack-3.0.9/lib/action_dispatch/middleware/templates/rescues/_trace.erb (0.7ms)
Rendered /home/paul/.rvm/gems/ruby-1.9.2-p290/gems/actionpack-3.0.9/lib/action_dispatch/middleware/templates/rescues/_request_and_response.erb (18.4ms)
Rendered /home/paul/.rvm/gems/ruby-1.9.2-p290/gems/actionpack-3.0.9/lib/action_dispatch/middleware/templates/rescues/diagnostics.erb within rescues/layout (21.1ms)


Started POST "/devices" for 16.25.132.170 at 2011-08-12 16:15:10 +0100
DEPRECATION WARNING: config.action_view.debug_rjs will be removed in 3.1, from 3.1 onwards you will need to install prototype-rails to continue to use RJS templates . (called from <top (required)> at /home/paul/work/mycar/app/controllers/application_controller.rb:1)
  Processing by DevicesController#create as HTML
  Parameters: {"utf8"=>"✓", "authenticity_token"=>"7v1u+w++DKdwaWWh39e72DegSWFGuu++n/Mi9Rz3q40=", "device"=>{"deviceid"=>"e38243f19e001f85c32c595910efd34e", "name"=>"Pauls Desire HD", "description"=>"HTC Desire HD"}, "commit"=>"Create Device"}
Completed 500 Internal Server Error in 219ms

SyntaxError (/home/paul/work/mycar/app/models/reading.rb:6: syntax error, unexpected tSYMBEG, expecting keyword_do or '{' or '('
  key :sensor, ObjectId :required => true
                         ^
/home/paul/work/mycar/app/models/reading.rb:7: syntax error, unexpected tSYMBEG, expecting keyword_do or '{' or '('
  key :value, Decimal :required => true
                       ^):
  app/controllers/devices_controller.rb:46:in `block in create'
  app/controllers/devices_controller.rb:45:in `create'

Rendered /home/paul/.rvm/gems/ruby-1.9.2-p290/gems/actionpack-3.0.9/lib/action_dispatch/middleware/templates/rescues/_trace.erb (0.8ms)
Rendered /home/paul/.rvm/gems/ruby-1.9.2-p290/gems/actionpack-3.0.9/lib/action_dispatch/middleware/templates/rescues/_request_and_response.erb (4.4ms)
Rendered /home/paul/.rvm/gems/ruby-1.9.2-p290/gems/actionpack-3.0.9/lib/action_dispatch/middleware/templates/rescues/diagnostics.erb within rescues/layout (7.3ms)


Started POST "/devices" for 16.25.132.170 at 2011-08-12 16:15:17 +0100
  Processing by DevicesController#create as HTML
  Parameters: {"utf8"=>"✓", "authenticity_token"=>"7v1u+w++DKdwaWWh39e72DegSWFGuu++n/Mi9Rz3q40=", "device"=>{"deviceid"=>"e38243f19e001f85c32c595910efd34e", "name"=>"Pauls Desire HD", "description"=>"HTC Desire HD"}, "commit"=>"Create Device"}
Completed 500 Internal Server Error in 9ms

SyntaxError (/home/paul/work/mycar/app/models/reading.rb:6: syntax error, unexpected tSYMBEG, expecting keyword_do or '{' or '('
  key :sensor, ObjectId :required => true
                         ^
/home/paul/work/mycar/app/models/reading.rb:7: syntax error, unexpected tSYMBEG, expecting keyword_do or '{' or '('
  key :value, Decimal :required => true
                       ^):
  app/controllers/devices_controller.rb:46:in `block in create'
  app/controllers/devices_controller.rb:45:in `create'

Rendered /home/paul/.rvm/gems/ruby-1.9.2-p290/gems/actionpack-3.0.9/lib/action_dispatch/middleware/templates/rescues/_trace.erb (0.7ms)
Rendered /home/paul/.rvm/gems/ruby-1.9.2-p290/gems/actionpack-3.0.9/lib/action_dispatch/middleware/templates/rescues/_request_and_response.erb (4.2ms)
Rendered /home/paul/.rvm/gems/ruby-1.9.2-p290/gems/actionpack-3.0.9/lib/action_dispatch/middleware/templates/rescues/diagnostics.erb within rescues/layout (6.9ms)


Started POST "/devices" for 16.25.132.170 at 2011-08-12 16:15:19 +0100
  Processing by DevicesController#create as HTML
  Parameters: {"utf8"=>"✓", "authenticity_token"=>"7v1u+w++DKdwaWWh39e72DegSWFGuu++n/Mi9Rz3q40=", "device"=>{"deviceid"=>"e38243f19e001f85c32c595910efd34e", "name"=>"Pauls Desire HD", "description"=>"HTC Desire HD"}, "commit"=>"Create Device"}
Completed 500 Internal Server Error in 9ms

SyntaxError (/home/paul/work/mycar/app/models/reading.rb:6: syntax error, unexpected tSYMBEG, expecting keyword_do or '{' or '('
  key :sensor, ObjectId :required => true
                         ^
/home/paul/work/mycar/app/models/reading.rb:7: syntax error, unexpected tSYMBEG, expecting keyword_do or '{' or '('
  key :value, Decimal :required => true
                       ^):
  app/controllers/devices_controller.rb:46:in `block in create'
  app/controllers/devices_controller.rb:45:in `create'

Rendered /home/paul/.rvm/gems/ruby-1.9.2-p290/gems/actionpack-3.0.9/lib/action_dispatch/middleware/templates/rescues/_trace.erb (0.7ms)
Rendered /home/paul/.rvm/gems/ruby-1.9.2-p290/gems/actionpack-3.0.9/lib/action_dispatch/middleware/templates/rescues/_request_and_response.erb (4.5ms)
Rendered /home/paul/.rvm/gems/ruby-1.9.2-p290/gems/actionpack-3.0.9/lib/action_dispatch/middleware/templates/rescues/diagnostics.erb within rescues/layout (7.2ms)


Started POST "/devices" for 16.25.132.170 at 2011-08-12 16:15:36 +0100
DEPRECATION WARNING: config.action_view.debug_rjs will be removed in 3.1, from 3.1 onwards you will need to install prototype-rails to continue to use RJS templates . (called from <top (required)> at /home/paul/work/mycar/app/controllers/application_controller.rb:1)
  Processing by DevicesController#create as HTML
  Parameters: {"utf8"=>"✓", "authenticity_token"=>"7v1u+w++DKdwaWWh39e72DegSWFGuu++n/Mi9Rz3q40=", "device"=>{"deviceid"=>"e38243f19e001f85c32c595910efd34e", "name"=>"Pauls Desire HD", "description"=>"HTC Desire HD"}, "commit"=>"Create Device"}
Completed 500 Internal Server Error in 227ms

NameError (uninitialized constant Reading::Decimal):
  app/models/reading.rb:7:in `<class:Reading>'
  app/models/reading.rb:1:in `<top (required)>'
  app/controllers/devices_controller.rb:46:in `block in create'
  app/controllers/devices_controller.rb:45:in `create'

Rendered /home/paul/.rvm/gems/ruby-1.9.2-p290/gems/actionpack-3.0.9/lib/action_dispatch/middleware/templates/rescues/_trace.erb (0.7ms)
Rendered /home/paul/.rvm/gems/ruby-1.9.2-p290/gems/actionpack-3.0.9/lib/action_dispatch/middleware/templates/rescues/_request_and_response.erb (15.9ms)
Rendered /home/paul/.rvm/gems/ruby-1.9.2-p290/gems/actionpack-3.0.9/lib/action_dispatch/middleware/templates/rescues/diagnostics.erb within rescues/layout (18.7ms)


Started POST "/devices" for 16.25.132.170 at 2011-08-12 16:21:26 +0100
DEPRECATION WARNING: config.action_view.debug_rjs will be removed in 3.1, from 3.1 onwards you will need to install prototype-rails to continue to use RJS templates . (called from <top (required)> at /home/paul/work/mycar/app/controllers/application_controller.rb:1)
  Processing by DevicesController#create as HTML
  Parameters: {"utf8"=>"✓", "authenticity_token"=>"7v1u+w++DKdwaWWh39e72DegSWFGuu++n/Mi9Rz3q40=", "device"=>{"deviceid"=>"e38243f19e001f85c32c595910efd34e", "name"=>"Pauls Desire HD", "description"=>"HTC Desire HD"}, "commit"=>"Create Device"}
Completed 500 Internal Server Error in 226ms

NameError (uninitialized constant Reading::Decimal):
  app/models/reading.rb:7:in `<class:Reading>'
  app/models/reading.rb:1:in `<top (required)>'
  app/controllers/devices_controller.rb:46:in `block in create'
  app/controllers/devices_controller.rb:45:in `create'

Rendered /home/paul/.rvm/gems/ruby-1.9.2-p290/gems/actionpack-3.0.9/lib/action_dispatch/middleware/templates/rescues/_trace.erb (0.8ms)
Rendered /home/paul/.rvm/gems/ruby-1.9.2-p290/gems/actionpack-3.0.9/lib/action_dispatch/middleware/templates/rescues/_request_and_response.erb (16.0ms)
Rendered /home/paul/.rvm/gems/ruby-1.9.2-p290/gems/actionpack-3.0.9/lib/action_dispatch/middleware/templates/rescues/diagnostics.erb within rescues/layout (18.9ms)


Started POST "/devices" for 16.25.132.170 at 2011-08-12 16:25:15 +0100
DEPRECATION WARNING: config.action_view.debug_rjs will be removed in 3.1, from 3.1 onwards you will need to install prototype-rails to continue to use RJS templates . (called from <top (required)> at /home/paul/work/mycar/app/controllers/application_controller.rb:1)
  Processing by DevicesController#create as HTML
  Parameters: {"utf8"=>"✓", "authenticity_token"=>"7v1u+w++DKdwaWWh39e72DegSWFGuu++n/Mi9Rz3q40=", "device"=>{"deviceid"=>"e38243f19e001f85c32c595910efd34e", "name"=>"Pauls Desire HD", "description"=>"HTC Desire HD"}, "commit"=>"Create Device"}
Completed 500 Internal Server Error in 228ms

NameError (uninitialized constant Reading::Decimal):
  app/models/reading.rb:7:in `<class:Reading>'
  app/models/reading.rb:1:in `<top (required)>'
  app/controllers/devices_controller.rb:46:in `block in create'
  app/controllers/devices_controller.rb:45:in `create'

Rendered /home/paul/.rvm/gems/ruby-1.9.2-p290/gems/actionpack-3.0.9/lib/action_dispatch/middleware/templates/rescues/_trace.erb (0.7ms)
Rendered /home/paul/.rvm/gems/ruby-1.9.2-p290/gems/actionpack-3.0.9/lib/action_dispatch/middleware/templates/rescues/_request_and_response.erb (16.1ms)
Rendered /home/paul/.rvm/gems/ruby-1.9.2-p290/gems/actionpack-3.0.9/lib/action_dispatch/middleware/templates/rescues/diagnostics.erb within rescues/layout (18.9ms)


Started POST "/devices" for 16.25.132.170 at 2011-08-12 16:27:00 +0100
DEPRECATION WARNING: config.action_view.debug_rjs will be removed in 3.1, from 3.1 onwards you will need to install prototype-rails to continue to use RJS templates . (called from <top (required)> at /home/paul/work/mycar/app/controllers/application_controller.rb:1)
  Processing by DevicesController#create as HTML
  Parameters: {"utf8"=>"✓", "authenticity_token"=>"7v1u+w++DKdwaWWh39e72DegSWFGuu++n/Mi9Rz3q40=", "device"=>{"deviceid"=>"e38243f19e001f85c32c595910efd34e", "name"=>"Pauls Desire HD", "description"=>"HTC Desire HD"}, "commit"=>"Create Device"}
Redirected to http://thomapau-srv.hpl.hp.com:3000/devices/4e45464552e4ec0cc1000001
Completed 302 Found in 264ms


Started GET "/devices/4e45464552e4ec0cc1000001" for 16.25.132.170 at 2011-08-12 16:27:01 +0100
  Processing by DevicesController#show as HTML
  Parameters: {"id"=>"4e45464552e4ec0cc1000001"}
Rendered devices/show.html.erb within layouts/application (1.6ms)
Completed 200 OK in 24ms (Views: 3.5ms)
DEPRECATION WARNING: config.action_view.debug_rjs will be removed in 3.1, from 3.1 onwards you will need to install prototype-rails to continue to use RJS templates . (called from service at /home/paul/.rvm/rubies/ruby-1.9.2-p290/lib/ruby/1.9.1/webrick/httpserver.rb:111)


Started GET "/torque" for 16.25.132.170 at 2011-08-15 15:32:50 +0100

SyntaxError (/home/paul/work/mycar/app/controllers/torque_controller.rb:8: syntax error, unexpected keyword_if, expecting ']'
    if not device or not session or not time
      ^):
  

Rendered /home/paul/.rvm/gems/ruby-1.9.2-p290/gems/actionpack-3.0.9/lib/action_dispatch/middleware/templates/rescues/_trace.erb (0.7ms)
Rendered /home/paul/.rvm/gems/ruby-1.9.2-p290/gems/actionpack-3.0.9/lib/action_dispatch/middleware/templates/rescues/_request_and_response.erb (3.9ms)
Rendered /home/paul/.rvm/gems/ruby-1.9.2-p290/gems/actionpack-3.0.9/lib/action_dispatch/middleware/templates/rescues/diagnostics.erb within rescues/layout (6.8ms)
DEPRECATION WARNING: config.action_view.debug_rjs will be removed in 3.1, from 3.1 onwards you will need to install prototype-rails to continue to use RJS templates . (called from service at /home/paul/.rvm/rubies/ruby-1.9.2-p290/lib/ruby/1.9.1/webrick/httpserver.rb:111)


Started GET "/torque" for 16.25.132.170 at 2011-08-15 15:34:22 +0100
  Processing by TorqueController#index as HTML
Completed 500 Internal Server Error in 232ms

NoMethodError (undefined method `/' for nil:NilClass):
  app/controllers/torque_controller.rb:6:in `index'

Rendered /home/paul/.rvm/gems/ruby-1.9.2-p290/gems/actionpack-3.0.9/lib/action_dispatch/middleware/templates/rescues/_trace.erb (0.7ms)
Rendered /home/paul/.rvm/gems/ruby-1.9.2-p290/gems/actionpack-3.0.9/lib/action_dispatch/middleware/templates/rescues/_request_and_response.erb (3.4ms)
Rendered /home/paul/.rvm/gems/ruby-1.9.2-p290/gems/actionpack-3.0.9/lib/action_dispatch/middleware/templates/rescues/diagnostics.erb within rescues/layout (6.0ms)


Started GET "/torque" for 16.25.132.170 at 2011-08-15 15:35:57 +0100
  Processing by TorqueController#index as HTML
Rendered text template (0.0ms)
Completed 500 Internal Server Error in 27ms

NoMethodError (undefined method `/' for nil:NilClass):
  app/controllers/torque_controller.rb:11:in `index'

Rendered /home/paul/.rvm/gems/ruby-1.9.2-p290/gems/actionpack-3.0.9/lib/action_dispatch/middleware/templates/rescues/_trace.erb (0.7ms)
Rendered /home/paul/.rvm/gems/ruby-1.9.2-p290/gems/actionpack-3.0.9/lib/action_dispatch/middleware/templates/rescues/_request_and_response.erb (3.3ms)
Rendered /home/paul/.rvm/gems/ruby-1.9.2-p290/gems/actionpack-3.0.9/lib/action_dispatch/middleware/templates/rescues/diagnostics.erb within rescues/layout (5.9ms)


Started GET "/torque" for 16.25.132.170 at 2011-08-15 15:36:18 +0100
  Processing by TorqueController#index as HTML
Rendered text template (0.0ms)
Completed 500 Internal Server Error in 8ms

NoMethodError (undefined method `/' for nil:NilClass):
  app/controllers/torque_controller.rb:11:in `index'

Rendered /home/paul/.rvm/gems/ruby-1.9.2-p290/gems/actionpack-3.0.9/lib/action_dispatch/middleware/templates/rescues/_trace.erb (0.7ms)
Rendered /home/paul/.rvm/gems/ruby-1.9.2-p290/gems/actionpack-3.0.9/lib/action_dispatch/middleware/templates/rescues/_request_and_response.erb (3.7ms)
Rendered /home/paul/.rvm/gems/ruby-1.9.2-p290/gems/actionpack-3.0.9/lib/action_dispatch/middleware/templates/rescues/diagnostics.erb within rescues/layout (6.2ms)


Started GET "/torque" for 16.25.132.170 at 2011-08-15 15:38:33 +0100
  Processing by TorqueController#index as HTML
Rendered text template (0.0ms)
Completed 500 Internal Server Error in 8ms

NoMethodError (undefined method `/' for nil:NilClass):
  app/controllers/torque_controller.rb:11:in `index'

Rendered /home/paul/.rvm/gems/ruby-1.9.2-p290/gems/actionpack-3.0.9/lib/action_dispatch/middleware/templates/rescues/_trace.erb (0.7ms)
Rendered /home/paul/.rvm/gems/ruby-1.9.2-p290/gems/actionpack-3.0.9/lib/action_dispatch/middleware/templates/rescues/_request_and_response.erb (17.3ms)
Rendered /home/paul/.rvm/gems/ruby-1.9.2-p290/gems/actionpack-3.0.9/lib/action_dispatch/middleware/templates/rescues/diagnostics.erb within rescues/layout (20.1ms)


Started GET "/torque" for 16.25.132.170 at 2011-08-15 15:39:29 +0100
  Processing by TorqueController#index as HTML
Completed 500 Internal Server Error in 0ms

NoMethodError (undefined method `has_key' for {"action"=>"index", "controller"=>"torque"}:ActiveSupport::HashWithIndifferentAccess):
  app/controllers/torque_controller.rb:5:in `index'

Rendered /home/paul/.rvm/gems/ruby-1.9.2-p290/gems/actionpack-3.0.9/lib/action_dispatch/middleware/templates/rescues/_trace.erb (0.7ms)
Rendered /home/paul/.rvm/gems/ruby-1.9.2-p290/gems/actionpack-3.0.9/lib/action_dispatch/middleware/templates/rescues/_request_and_response.erb (3.4ms)
Rendered /home/paul/.rvm/gems/ruby-1.9.2-p290/gems/actionpack-3.0.9/lib/action_dispatch/middleware/templates/rescues/diagnostics.erb within rescues/layout (6.0ms)


Started GET "/torque" for 16.25.132.170 at 2011-08-15 15:41:04 +0100
  Processing by TorqueController#index as HTML
Rendered text template (0.0ms)
Completed 200 OK in 1ms (Views: 0.4ms)


Started GET "/torque" for 16.25.132.170 at 2011-08-15 15:41:19 +0100
  Processing by TorqueController#index as HTML
Rendered text template (0.0ms)
Completed 200 OK in 1ms (Views: 0.4ms)


Started GET "/torque?v=3&session=1313257056837&id=e38243f19e001f85c32c595910efd34e&time=1313258621864&k4=2.3529413" for 16.25.132.170 at 2011-08-15 15:41:37 +0100
  Processing by TorqueController#index as HTML
  Parameters: {"v"=>"3", "session"=>"1313257056837", "id"=>"e38243f19e001f85c32c595910efd34e", "time"=>"1313258621864", "k4"=>"2.3529413"}
Completed 500 Internal Server Error in 22ms

NoMethodError (undefined method `/' for "1313258621864":String):
  app/controllers/torque_controller.rb:10:in `index'

Rendered /home/paul/.rvm/gems/ruby-1.9.2-p290/gems/actionpack-3.0.9/lib/action_dispatch/middleware/templates/rescues/_trace.erb (0.7ms)
Rendered /home/paul/.rvm/gems/ruby-1.9.2-p290/gems/actionpack-3.0.9/lib/action_dispatch/middleware/templates/rescues/_request_and_response.erb (3.6ms)
Rendered /home/paul/.rvm/gems/ruby-1.9.2-p290/gems/actionpack-3.0.9/lib/action_dispatch/middleware/templates/rescues/diagnostics.erb within rescues/layout (6.3ms)


Started GET "/torque?v=3&session=1313257056837&id=e38243f19e001f85c32c595910efd34e&time=1313258621864&k4=2.3529413" for 16.25.132.170 at 2011-08-15 15:42:02 +0100
  Processing by TorqueController#index as HTML
  Parameters: {"v"=>"3", "session"=>"1313257056837", "id"=>"e38243f19e001f85c32c595910efd34e", "time"=>"1313258621864", "k4"=>"2.3529413"}
Completed 500 Internal Server Error in 9ms

NoMethodError (undefined method `int' for #<TorqueController:0x00000002f1bc68>):
  app/controllers/torque_controller.rb:10:in `index'

Rendered /home/paul/.rvm/gems/ruby-1.9.2-p290/gems/actionpack-3.0.9/lib/action_dispatch/middleware/templates/rescues/_trace.erb (0.9ms)
Rendered /home/paul/.rvm/gems/ruby-1.9.2-p290/gems/actionpack-3.0.9/lib/action_dispatch/middleware/templates/rescues/_request_and_response.erb (3.7ms)
Rendered /home/paul/.rvm/gems/ruby-1.9.2-p290/gems/actionpack-3.0.9/lib/action_dispatch/middleware/templates/rescues/diagnostics.erb within rescues/layout (6.6ms)


Started GET "/torque?v=3&session=1313257056837&id=e38243f19e001f85c32c595910efd34e&time=1313258621864&k4=2.3529413" for 16.25.132.170 at 2011-08-15 15:42:50 +0100
  Processing by TorqueController#index as HTML
  Parameters: {"v"=>"3", "session"=>"1313257056837", "id"=>"e38243f19e001f85c32c595910efd34e", "time"=>"1313258621864", "k4"=>"2.3529413"}
Completed 500 Internal Server Error in 8ms

NameError (undefined local variable or method `code' for #<TorqueController:0x000000033208b8>):
  app/controllers/torque_controller.rb:13:in `block in index'
  app/controllers/torque_controller.rb:12:in `each'
  app/controllers/torque_controller.rb:12:in `index'

Rendered /home/paul/.rvm/gems/ruby-1.9.2-p290/gems/actionpack-3.0.9/lib/action_dispatch/middleware/templates/rescues/_trace.erb (0.7ms)
Rendered /home/paul/.rvm/gems/ruby-1.9.2-p290/gems/actionpack-3.0.9/lib/action_dispatch/middleware/templates/rescues/_request_and_response.erb (3.8ms)
Rendered /home/paul/.rvm/gems/ruby-1.9.2-p290/gems/actionpack-3.0.9/lib/action_dispatch/middleware/templates/rescues/diagnostics.erb within rescues/layout (6.4ms)


Started GET "/torque?v=3&session=1313257056837&id=e38243f19e001f85c32c595910efd34e&time=1313258621864&k4=2.3529413" for 16.25.132.170 at 2011-08-15 15:43:02 +0100
  Processing by TorqueController#index as HTML
  Parameters: {"v"=>"3", "session"=>"1313257056837", "id"=>"e38243f19e001f85c32c595910efd34e", "time"=>"1313258621864", "k4"=>"2.3529413"}
Completed 500 Internal Server Error in 8ms

NoMethodError (undefined method `Reading' for #<TorqueController:0x00000002b1a628>):
  app/controllers/torque_controller.rb:14:in `block in index'
  app/controllers/torque_controller.rb:12:in `each'
  app/controllers/torque_controller.rb:12:in `index'

Rendered /home/paul/.rvm/gems/ruby-1.9.2-p290/gems/actionpack-3.0.9/lib/action_dispatch/middleware/templates/rescues/_trace.erb (14.6ms)
Rendered /home/paul/.rvm/gems/ruby-1.9.2-p290/gems/actionpack-3.0.9/lib/action_dispatch/middleware/templates/rescues/_request_and_response.erb (3.8ms)
Rendered /home/paul/.rvm/gems/ruby-1.9.2-p290/gems/actionpack-3.0.9/lib/action_dispatch/middleware/templates/rescues/diagnostics.erb within rescues/layout (20.4ms)


Started GET "/torque?v=3&session=1313257056837&id=e38243f19e001f85c32c595910efd34e&time=1313258621864&k4=2.3529413" for 16.25.132.170 at 2011-08-15 15:45:34 +0100

ActionController::RoutingError (uninitialized constant Reading::Model):
  app/controllers/torque_controller.rb:2:in `<class:TorqueController>'
  app/controllers/torque_controller.rb:1:in `<top (required)>'

Rendered /home/paul/.rvm/gems/ruby-1.9.2-p290/gems/actionpack-3.0.9/lib/action_dispatch/middleware/templates/rescues/routing_error.erb within rescues/layout (1.1ms)


Started GET "/torque?v=3&session=1313257056837&id=e38243f19e001f85c32c595910efd34e&time=1313258621864&k4=2.3529413" for 16.25.132.170 at 2011-08-15 15:46:52 +0100

ActionController::RoutingError (uninitialized constant Reading::Model):
  app/controllers/torque_controller.rb:2:in `<class:TorqueController>'
  app/controllers/torque_controller.rb:1:in `<top (required)>'

Rendered /home/paul/.rvm/gems/ruby-1.9.2-p290/gems/actionpack-3.0.9/lib/action_dispatch/middleware/templates/rescues/routing_error.erb within rescues/layout (0.8ms)


Started GET "/torque?v=3&session=1313257056837&id=e38243f19e001f85c32c595910efd34e&time=1313258621864&k4=2.3529413" for 16.25.132.170 at 2011-08-15 15:47:00 +0100
  Processing by TorqueController#index as HTML
  Parameters: {"v"=>"3", "session"=>"1313257056837", "id"=>"e38243f19e001f85c32c595910efd34e", "time"=>"1313258621864", "k4"=>"2.3529413"}
Rendered text template (0.0ms)
Completed 200 OK in 16ms (Views: 0.7ms)


Started GET "/torque?v=3&session=1313257056837&id=e38243f19e001f85c32c595910efd34e&time=1313258621864&k4=2.3529413" for 16.25.132.170 at 2011-08-15 15:50:21 +0100

SyntaxError (/home/paul/work/mycar/app/controllers/torque_controller.rb:26: syntax error, unexpected $end, expecting keyword_end):
  

Rendered /home/paul/.rvm/gems/ruby-1.9.2-p290/gems/actionpack-3.0.9/lib/action_dispatch/middleware/templates/rescues/_trace.erb (0.7ms)
Rendered /home/paul/.rvm/gems/ruby-1.9.2-p290/gems/actionpack-3.0.9/lib/action_dispatch/middleware/templates/rescues/_request_and_response.erb (1.3ms)
Rendered /home/paul/.rvm/gems/ruby-1.9.2-p290/gems/actionpack-3.0.9/lib/action_dispatch/middleware/templates/rescues/diagnostics.erb within rescues/layout (4.0ms)


Started GET "/torque?v=3&session=1313257056837&id=e38243f19e001f85c32c595910efd34e&time=1313258621864&k4=2.3529413" for 16.25.132.170 at 2011-08-15 15:50:40 +0100
  Processing by TorqueController#index as HTML
  Parameters: {"v"=>"3", "session"=>"1313257056837", "id"=>"e38243f19e001f85c32c595910efd34e", "time"=>"1313258621864", "k4"=>"2.3529413"}
Rendered text template (0.0ms)
Completed 200 OK in 45ms (Views: 0.9ms)


Started GET "/devices" for 16.25.132.170 at 2011-08-15 15:59:28 +0100
  Processing by DevicesController#index as HTML
Rendered devices/index.html.erb within layouts/application (2.4ms)
Completed 200 OK in 12ms (Views: 4.2ms)


Started GET "/readings" for 16.25.132.170 at 2011-08-15 15:59:37 +0100
  Processing by ReadingsController#index as HTML
Rendered readings/index.html.erb within layouts/application (2.4ms)
Completed 200 OK in 12ms (Views: 4.5ms)


Started POST "/readings/4e49324052e4ec1252000003" for 16.25.132.170 at 2011-08-15 16:00:02 +0100
  Processing by ReadingsController#destroy as HTML
  Parameters: {"authenticity_token"=>"7v1u+w++DKdwaWWh39e72DegSWFGuu++n/Mi9Rz3q40=", "id"=>"4e49324052e4ec1252000003"}
Redirected to http://thomapau-srv.hpl.hp.com:3000/readings
Completed 302 Found in 9ms


Started GET "/readings" for 16.25.132.170 at 2011-08-15 16:00:02 +0100
  Processing by ReadingsController#index as HTML
Rendered readings/index.html.erb within layouts/application (1.5ms)
Completed 200 OK in 11ms (Views: 3.2ms)


Started GET "/readings" for 16.25.132.170 at 2011-08-15 16:00:11 +0100
  Processing by ReadingsController#index as HTML
Rendered readings/index.html.erb within layouts/application (1.6ms)
Completed 200 OK in 11ms (Views: 3.3ms)


Started GET "/torque?v=3&session=1313257056837&id=e38243f19e001f85c32c595910efd34e&time=1313258621864&k4=2.3529413" for 16.25.132.170 at 2011-08-15 16:00:14 +0100

SyntaxError (/home/paul/work/mycar/app/controllers/torque_controller.rb:10: syntax error, unexpected tIDENTIFIER, expecting ')'
      session = params[:session]
             ^):
  

Rendered /home/paul/.rvm/gems/ruby-1.9.2-p290/gems/actionpack-3.0.9/lib/action_dispatch/middleware/templates/rescues/_trace.erb (0.7ms)
Rendered /home/paul/.rvm/gems/ruby-1.9.2-p290/gems/actionpack-3.0.9/lib/action_dispatch/middleware/templates/rescues/_request_and_response.erb (1.4ms)
Rendered /home/paul/.rvm/gems/ruby-1.9.2-p290/gems/actionpack-3.0.9/lib/action_dispatch/middleware/templates/rescues/diagnostics.erb within rescues/layout (4.0ms)


Started GET "/torque?v=3&session=1313257056837&id=e38243f19e001f85c32c595910efd34e&time=1313258621864&k4=2.3529413" for 16.25.132.170 at 2011-08-15 16:01:31 +0100
  Processing by TorqueController#index as HTML
  Parameters: {"v"=>"3", "session"=>"1313257056837", "id"=>"e38243f19e001f85c32c595910efd34e", "time"=>"1313258621864", "k4"=>"2.3529413"}
Attempting to find device
Completed 500 Internal Server Error in 14ms

NoMethodError (undefined method `deviceid' for nil:NilClass):
  app/controllers/torque_controller.rb:16:in `block in index'
  app/controllers/torque_controller.rb:13:in `each'
  app/controllers/torque_controller.rb:13:in `index'

Rendered /home/paul/.rvm/gems/ruby-1.9.2-p290/gems/actionpack-3.0.9/lib/action_dispatch/middleware/templates/rescues/_trace.erb (0.7ms)
Rendered /home/paul/.rvm/gems/ruby-1.9.2-p290/gems/actionpack-3.0.9/lib/action_dispatch/middleware/templates/rescues/_request_and_response.erb (3.9ms)
Rendered /home/paul/.rvm/gems/ruby-1.9.2-p290/gems/actionpack-3.0.9/lib/action_dispatch/middleware/templates/rescues/diagnostics.erb within rescues/layout (6.4ms)


Started GET "/torque?v=3&session=1313257056837&id=e38243f19e001f85c32c595910efd34e&time=1313258621864&k4=2.3529413" for 16.25.132.170 at 2011-08-15 16:02:34 +0100
  Processing by TorqueController#index as HTML
  Parameters: {"v"=>"3", "session"=>"1313257056837", "id"=>"e38243f19e001f85c32c595910efd34e", "time"=>"1313258621864", "k4"=>"2.3529413"}
Attempting to find device
Rendered text template (0.0ms)
Completed 200 OK in 16ms (Views: 0.5ms)


Started GET "/readings" for 16.25.132.170 at 2011-08-15 16:02:41 +0100
  Processing by ReadingsController#index as HTML
Rendered readings/index.html.erb within layouts/application (2.4ms)
Completed 200 OK in 12ms (Views: 4.2ms)


Started GET "/sensors" for 16.25.132.170 at 2011-08-15 16:02:53 +0100
  Processing by SensorsController#index as HTML
Rendered sensors/index.html.erb within layouts/application (1.5ms)
Completed 200 OK in 11ms (Views: 3.5ms)


Started GET "/sensors/new" for 16.25.132.170 at 2011-08-15 16:03:01 +0100
  Processing by SensorsController#new as HTML
Rendered sensors/_form.html.erb (36.2ms)
Rendered sensors/new.html.erb within layouts/application (38.0ms)
Completed 200 OK in 47ms (Views: 40.0ms)


Started GET "/readings" for 16.25.132.170 at 2011-08-15 16:14:22 +0100
  Processing by ReadingsController#index as HTML
Rendered readings/index.html.erb within layouts/application (2.6ms)
Completed 200 OK in 27ms (Views: 4.4ms)


Started GET "/readings/4e49350a52e4ec125200000b" for 16.25.132.170 at 2011-08-15 16:14:24 +0100
  Processing by ReadingsController#show as HTML
  Parameters: {"id"=>"4e49350a52e4ec125200000b"}
Rendered readings/show.html.erb within layouts/application (1.6ms)
Completed 200 OK in 12ms (Views: 3.5ms)


Started GET "/readings/4e49350a52e4ec125200000b" for 16.25.132.170 at 2011-08-15 16:14:25 +0100
  Processing by ReadingsController#show as HTML
  Parameters: {"id"=>"4e49350a52e4ec125200000b"}
Rendered readings/show.html.erb within layouts/application (1.8ms)
Completed 200 OK in 27ms (Views: 3.8ms)


Started GET "/devices" for 16.25.132.170 at 2011-08-15 16:33:50 +0100
  Processing by DevicesController#index as HTML
Rendered devices/index.html.erb within layouts/application (1.5ms)
Completed 200 OK in 11ms (Views: 3.3ms)


Started GET "/devices/new" for 16.25.132.170 at 2011-08-15 16:33:52 +0100
  Processing by DevicesController#new as HTML
Rendered devices/_form.html.erb (2.9ms)
Rendered devices/new.html.erb within layouts/application (4.6ms)
Completed 200 OK in 13ms (Views: 6.3ms)


Started POST "/devices" for 16.25.132.170 at 2011-08-15 16:33:57 +0100
  Processing by DevicesController#create as HTML
  Parameters: {"utf8"=>"✓", "authenticity_token"=>"7v1u+w++DKdwaWWh39e72DegSWFGuu++n/Mi9Rz3q40=", "device"=>{"deviceid"=>"e38243f19e001f85c32c595910efd34e", "name"=>"Pauls Desire HD", "description"=>"HTC Desire HD"}, "commit"=>"Create Device"}
Redirected to http://thomapau-srv.hpl.hp.com:3000/devices/4e493c6552e4ec1252000015
Completed 302 Found in 20ms


Started GET "/devices/4e493c6552e4ec1252000015" for 16.25.132.170 at 2011-08-15 16:33:57 +0100
  Processing by DevicesController#show as HTML
  Parameters: {"id"=>"4e493c6552e4ec1252000015"}
Rendered devices/show.html.erb within layouts/application (1.6ms)
Completed 200 OK in 11ms (Views: 3.4ms)


Started GET "/devices" for 16.25.132.170 at 2011-08-15 16:34:17 +0100
  Processing by DevicesController#index as HTML
Rendered devices/index.html.erb within layouts/application (2.3ms)
Completed 200 OK in 12ms (Views: 4.1ms)


Started GET "/torque?v=3&session=1313257056837&id=e38243f19e001f85c32c595910efd34e&time=1313258621864&k4=2.3529413" for 16.25.132.170 at 2011-08-15 16:34:24 +0100
  Processing by TorqueController#index as HTML
  Parameters: {"v"=>"3", "session"=>"1313257056837", "id"=>"e38243f19e001f85c32c595910efd34e", "time"=>"1313258621864", "k4"=>"2.3529413"}
Attempting to find device
Rendered text template (0.0ms)
Completed 200 OK in 31ms (Views: 0.5ms)


Started GET "/readings" for 16.25.132.170 at 2011-08-15 16:34:29 +0100
  Processing by ReadingsController#index as HTML
Rendered readings/index.html.erb within layouts/application (2.5ms)
Completed 200 OK in 13ms (Views: 4.2ms)
MongoDB logging. Please note that logging negatively impacts performance and should be disabled for high-performance production apps.
MONGODB admin['$cmd'].find({:ismaster=>1})
MONGODB admin['$cmd'].find({:ismaster=>1})
MongoDB logging. Please note that logging negatively impacts performance and should be disabled for high-performance production apps.
MONGODB admin['$cmd'].find({:ismaster=>1})
MONGODB admin['$cmd'].find({:ismaster=>1})
MongoDB logging. Please note that logging negatively impacts performance and should be disabled for high-performance production apps.
MONGODB admin['$cmd'].find({:ismaster=>1})
MONGODB admin['$cmd'].find({:ismaster=>1})
MongoDB logging. Please note that logging negatively impacts performance and should be disabled for high-performance production apps.
MONGODB admin['$cmd'].find({:ismaster=>1})
MONGODB admin['$cmd'].find({:ismaster=>1})
MongoDB logging. Please note that logging negatively impacts performance and should be disabled for high-performance production apps.
MONGODB admin['$cmd'].find({:ismaster=>1})
MONGODB admin['$cmd'].find({:ismaster=>1})
MongoDB logging. Please note that logging negatively impacts performance and should be disabled for high-performance production apps.
MONGODB admin['$cmd'].find({:ismaster=>1})
MONGODB admin['$cmd'].find({:ismaster=>1})
MongoDB logging. Please note that logging negatively impacts performance and should be disabled for high-performance production apps.
MONGODB admin['$cmd'].find({:ismaster=>1})
MONGODB admin['$cmd'].find({:ismaster=>1})
MongoDB logging. Please note that logging negatively impacts performance and should be disabled for high-performance production apps.
MONGODB admin['$cmd'].find({:ismaster=>1})
MONGODB admin['$cmd'].find({:ismaster=>1})
MongoDB logging. Please note that logging negatively impacts performance and should be disabled for high-performance production apps.
MONGODB admin['$cmd'].find({:ismaster=>1})
MONGODB admin['$cmd'].find({:ismaster=>1})


Started GET "/torque?v=3&session=1313257056837&id=e38243f1f85c32c595910efd34e&time=1313258621864&k4=2.3529413" for 16.25.132.170 at 2011-08-15 17:00:58 +0100
  Processing by TorqueController#index as HTML
  Parameters: {"v"=>"3", "session"=>"1313257056837", "id"=>"e38243f1f85c32c595910efd34e", "time"=>"1313258621864", "k4"=>"2.3529413"}
Attempting to find device
Rendered text template (0.0ms)
Completed 200 OK in 23ms (Views: 0.6ms)


Started GET "/torque?v=3&session=1313257056837&id=e38243f19e001f85c32c595910efd34e&time=1313258621864&k4=2.3529413" for 16.25.132.170 at 2011-08-15 17:01:02 +0100
  Processing by TorqueController#index as HTML
  Parameters: {"v"=>"3", "session"=>"1313257056837", "id"=>"e38243f19e001f85c32c595910efd34e", "time"=>"1313258621864", "k4"=>"2.3529413"}
Attempting to find device
Rendered text template (0.0ms)
Completed 200 OK in 16ms (Views: 0.5ms)


Started GET "/readings" for 16.25.132.170 at 2011-08-15 17:01:16 +0100
  Processing by ReadingsController#index as HTML
Rendered readings/index.html.erb within layouts/application (3.1ms)
Completed 200 OK in 13ms (Views: 4.8ms)


Started GET "/readings" for 16.25.132.170 at 2011-08-15 17:06:03 +0100
  Processing by ReadingsController#index as HTML
Rendered readings/index.html.erb within layouts/application (3.3ms)
Completed 200 OK in 13ms (Views: 5.1ms)
MongoDB logging. Please note that logging negatively impacts performance and should be disabled for high-performance production apps.
MONGODB admin['$cmd'].find({:ismaster=>1})
MONGODB admin['$cmd'].find({:ismaster=>1})
DEPRECATION WARNING: config.action_view.debug_rjs will be removed in 3.1, from 3.1 onwards you will need to install prototype-rails to continue to use RJS templates . (called from service at /home/paul/.rvm/rubies/ruby-1.9.2-p290/lib/ruby/1.9.1/webrick/httpserver.rb:111)


Started GET "/readings" for 16.25.132.170 at 2011-08-15 17:09:30 +0100
  Processing by ReadingsController#index as HTML
MONGODB mycar_development['readings'].find({})
Rendered readings/index.html.erb within layouts/application (3.0ms)
Completed 200 OK in 251ms (Views: 6.7ms)


Started GET "/devices" for 16.25.132.170 at 2011-08-15 17:09:34 +0100
  Processing by DevicesController#index as HTML
MONGODB mycar_development['devices'].find({})
Rendered devices/index.html.erb within layouts/application (1.6ms)
Completed 200 OK in 13ms (Views: 3.3ms)


Started GET "/devices/new" for 16.25.132.170 at 2011-08-15 17:09:36 +0100
  Processing by DevicesController#new as HTML
Rendered devices/_form.html.erb (34.3ms)
Rendered devices/new.html.erb within layouts/application (36.3ms)
Completed 200 OK in 45ms (Views: 38.0ms)


Started POST "/devices" for 16.25.132.170 at 2011-08-15 17:09:43 +0100
  Processing by DevicesController#create as HTML
  Parameters: {"utf8"=>"✓", "authenticity_token"=>"7v1u+w++DKdwaWWh39e72DegSWFGuu++n/Mi9Rz3q40=", "device"=>{"deviceid"=>"e38243f19e001f85c32c595910efd34e", "name"=>"Pauls Desire HD", "description"=>"HTC Desire HD"}, "commit"=>"Create Device"}
MONGODB mycar_development['devices'].update({:_id=>BSON::ObjectId('4e4944c752e4ec14f8000003')}, {"_id"=>BSON::ObjectId('4e4944c752e4ec14f8000003'), "deviceid"=>"e38243f19e001f85c32c595910efd34e", "name"=>"Pauls Desire HD", "description"=>"HTC Desire HD"})
Redirected to http://thomapau-srv.hpl.hp.com:3000/devices/4e4944c752e4ec14f8000003
Completed 302 Found in 20ms


Started GET "/devices/4e4944c752e4ec14f8000003" for 16.25.132.170 at 2011-08-15 17:09:43 +0100
  Processing by DevicesController#show as HTML
  Parameters: {"id"=>"4e4944c752e4ec14f8000003"}
MONGODB mycar_development['devices'].find({:_id=>BSON::ObjectId('4e4944c752e4ec14f8000003')})
Rendered devices/show.html.erb within layouts/application (1.6ms)
Completed 200 OK in 11ms (Views: 3.3ms)


Started GET "/torque?v=3&session=1313257056837&id=e38243f19e001f85c32c595910efd34e&time=1313258621864&k4=2.3529413&k5=101.0&kd=0.0&ke=20.0&k11=6.666667&kf=34.0&k14=-7.03125&k18=-3.90625&kff1214=0.635&kff1215=0.44&kff1218=0.33499998&kff1219=0.44&k10=0.0&kff1223=-0.04885033" for 16.25.132.170 at 2011-08-15 17:16:35 +0100
  Processing by TorqueController#index as HTML
  Parameters: {"v"=>"3", "session"=>"1313257056837", "id"=>"e38243f19e001f85c32c595910efd34e", "time"=>"1313258621864", "k4"=>"2.3529413", "k5"=>"101.0", "kd"=>"0.0", "ke"=>"20.0", "k11"=>"6.666667", "kf"=>"34.0", "k14"=>"-7.03125", "k18"=>"-3.90625", "kff1214"=>"0.635", "kff1215"=>"0.44", "kff1218"=>"0.33499998", "kff1219"=>"0.44", "k10"=>"0.0", "kff1223"=>"-0.04885033"}
Attempting to find device
MONGODB mycar_development['devices'].find({:deviceid=>"e38243f19e001f85c32c595910efd34e"})
MONGODB mycar_development['readings'].update({:_id=>BSON::ObjectId('4e49466352e4ec14f8000007')}, {"_id"=>BSON::ObjectId('4e49466352e4ec14f8000007'), "did"=>"e38243f19e001f85c32c595910efd34e", "sid"=>"1313257056837", "s"=>"k4", "v"=>2.3529413})
Rendered text template (0.0ms)
MONGODB mycar_development['readings'].update({:_id=>BSON::ObjectId('4e49466352e4ec14f8000009')}, {"_id"=>BSON::ObjectId('4e49466352e4ec14f8000009'), "did"=>"e38243f19e001f85c32c595910efd34e", "sid"=>"1313257056837", "s"=>"k5", "v"=>101.0})
Completed 500 Internal Server Error in 22ms

AbstractController::DoubleRenderError (Render and/or redirect were called multiple times in this action. Please note that you may only call render OR redirect, and at most once per action. Also note that neither redirect nor render terminate execution of the action, so if you want to exit an action after redirecting, you need to do something like "redirect_to(...) and return".):
  app/controllers/torque_controller.rb:27:in `block in index'
  app/controllers/torque_controller.rb:17:in `each'
  app/controllers/torque_controller.rb:17:in `index'

Rendered /home/paul/.rvm/gems/ruby-1.9.2-p290/gems/actionpack-3.0.9/lib/action_dispatch/middleware/templates/rescues/_trace.erb (0.7ms)
Rendered /home/paul/.rvm/gems/ruby-1.9.2-p290/gems/actionpack-3.0.9/lib/action_dispatch/middleware/templates/rescues/_request_and_response.erb (4.9ms)
Rendered /home/paul/.rvm/gems/ruby-1.9.2-p290/gems/actionpack-3.0.9/lib/action_dispatch/middleware/templates/rescues/diagnostics.erb within rescues/layout (21.0ms)


Started GET "/torque?v=3&session=1313257056837&id=e38243f19e001f85c32c595910efd34e&time=1313258621864&k4=2.3529413&k5=101.0&kd=0.0&ke=20.0&k11=6.666667&kf=34.0&k14=-7.03125&k18=-3.90625&kff1214=0.635&kff1215=0.44&kff1218=0.33499998&kff1219=0.44&k10=0.0&kff1223=-0.04885033" for 16.25.132.170 at 2011-08-15 17:17:13 +0100
  Processing by TorqueController#index as HTML
  Parameters: {"v"=>"3", "session"=>"1313257056837", "id"=>"e38243f19e001f85c32c595910efd34e", "time"=>"1313258621864", "k4"=>"2.3529413", "k5"=>"101.0", "kd"=>"0.0", "ke"=>"20.0", "k11"=>"6.666667", "kf"=>"34.0", "k14"=>"-7.03125", "k18"=>"-3.90625", "kff1214"=>"0.635", "kff1215"=>"0.44", "kff1218"=>"0.33499998", "kff1219"=>"0.44", "k10"=>"0.0", "kff1223"=>"-0.04885033"}
Attempting to find device
MONGODB mycar_development['devices'].find({:deviceid=>"e38243f19e001f85c32c595910efd34e"})
MONGODB mycar_development['readings'].update({:_id=>BSON::ObjectId('4e49468952e4ec14f800000c')}, {"_id"=>BSON::ObjectId('4e49468952e4ec14f800000c'), "did"=>"e38243f19e001f85c32c595910efd34e", "sid"=>"1313257056837", "s"=>"k4", "v"=>2.3529413})
Rendered text template (0.0ms)
MONGODB mycar_development['readings'].update({:_id=>BSON::ObjectId('4e49468952e4ec14f800000e')}, {"_id"=>BSON::ObjectId('4e49468952e4ec14f800000e'), "did"=>"e38243f19e001f85c32c595910efd34e", "sid"=>"1313257056837", "s"=>"k5", "v"=>101.0})
Completed 500 Internal Server Error in 17ms

AbstractController::DoubleRenderError (Render and/or redirect were called multiple times in this action. Please note that you may only call render OR redirect, and at most once per action. Also note that neither redirect nor render terminate execution of the action, so if you want to exit an action after redirecting, you need to do something like "redirect_to(...) and return".):
  app/controllers/torque_controller.rb:28:in `block in index'
  app/controllers/torque_controller.rb:18:in `each'
  app/controllers/torque_controller.rb:18:in `index'

Rendered /home/paul/.rvm/gems/ruby-1.9.2-p290/gems/actionpack-3.0.9/lib/action_dispatch/middleware/templates/rescues/_trace.erb (0.7ms)
Rendered /home/paul/.rvm/gems/ruby-1.9.2-p290/gems/actionpack-3.0.9/lib/action_dispatch/middleware/templates/rescues/_request_and_response.erb (4.9ms)
Rendered /home/paul/.rvm/gems/ruby-1.9.2-p290/gems/actionpack-3.0.9/lib/action_dispatch/middleware/templates/rescues/diagnostics.erb within rescues/layout (7.5ms)


Started GET "/torque?v=3&session=1313257056837&id=e38243f19e001f85c32c595910efd34e&time=1313258621864&k4=2.3529413&k5=101.0&kd=0.0&ke=20.0&k11=6.666667&kf=34.0&k14=-7.03125&k18=-3.90625&kff1214=0.635&kff1215=0.44&kff1218=0.33499998&kff1219=0.44&k10=0.0&kff1223=-0.04885033" for 16.25.132.170 at 2011-08-15 17:17:34 +0100
  Processing by TorqueController#index as HTML
  Parameters: {"v"=>"3", "session"=>"1313257056837", "id"=>"e38243f19e001f85c32c595910efd34e", "time"=>"1313258621864", "k4"=>"2.3529413", "k5"=>"101.0", "kd"=>"0.0", "ke"=>"20.0", "k11"=>"6.666667", "kf"=>"34.0", "k14"=>"-7.03125", "k18"=>"-3.90625", "kff1214"=>"0.635", "kff1215"=>"0.44", "kff1218"=>"0.33499998", "kff1219"=>"0.44", "k10"=>"0.0", "kff1223"=>"-0.04885033"}
Attempting to find device
MONGODB mycar_development['devices'].find({:deviceid=>"e38243f19e001f85c32c595910efd34e"})
MONGODB mycar_development['readings'].update({:_id=>BSON::ObjectId('4e49469e52e4ec14f8000011')}, {"_id"=>BSON::ObjectId('4e49469e52e4ec14f8000011'), "did"=>"e38243f19e001f85c32c595910efd34e", "sid"=>"1313257056837", "s"=>"k4", "v"=>2.3529413})
Rendered text template (0.0ms)
MONGODB mycar_development['readings'].update({:_id=>BSON::ObjectId('4e49469e52e4ec14f8000013')}, {"_id"=>BSON::ObjectId('4e49469e52e4ec14f8000013'), "did"=>"e38243f19e001f85c32c595910efd34e", "sid"=>"1313257056837", "s"=>"k5", "v"=>101.0})
Completed 500 Internal Server Error in 31ms

AbstractController::DoubleRenderError (Render and/or redirect were called multiple times in this action. Please note that you may only call render OR redirect, and at most once per action. Also note that neither redirect nor render terminate execution of the action, so if you want to exit an action after redirecting, you need to do something like "redirect_to(...) and return".):
  app/controllers/torque_controller.rb:28:in `block in index'
  app/controllers/torque_controller.rb:18:in `each'
  app/controllers/torque_controller.rb:18:in `index'

Rendered /home/paul/.rvm/gems/ruby-1.9.2-p290/gems/actionpack-3.0.9/lib/action_dispatch/middleware/templates/rescues/_trace.erb (0.7ms)
Rendered /home/paul/.rvm/gems/ruby-1.9.2-p290/gems/actionpack-3.0.9/lib/action_dispatch/middleware/templates/rescues/_request_and_response.erb (4.7ms)
Rendered /home/paul/.rvm/gems/ruby-1.9.2-p290/gems/actionpack-3.0.9/lib/action_dispatch/middleware/templates/rescues/diagnostics.erb within rescues/layout (7.3ms)


Started GET "/torque?v=3&session=1313257056837&id=e38243f19e001f85c32c595910efd34e&time=1313258621864&k4=2.3529413&k5=101.0&kd=0.0&ke=20.0&k11=6.666667&kf=34.0&k14=-7.03125&k18=-3.90625&kff1214=0.635&kff1215=0.44&kff1218=0.33499998&kff1219=0.44&k10=0.0&kff1223=-0.04885033" for 16.25.132.170 at 2011-08-15 17:17:35 +0100
  Processing by TorqueController#index as HTML
  Parameters: {"v"=>"3", "session"=>"1313257056837", "id"=>"e38243f19e001f85c32c595910efd34e", "time"=>"1313258621864", "k4"=>"2.3529413", "k5"=>"101.0", "kd"=>"0.0", "ke"=>"20.0", "k11"=>"6.666667", "kf"=>"34.0", "k14"=>"-7.03125", "k18"=>"-3.90625", "kff1214"=>"0.635", "kff1215"=>"0.44", "kff1218"=>"0.33499998", "kff1219"=>"0.44", "k10"=>"0.0", "kff1223"=>"-0.04885033"}
Attempting to find device
MONGODB mycar_development['devices'].find({:deviceid=>"e38243f19e001f85c32c595910efd34e"})
MONGODB mycar_development['readings'].update({:_id=>BSON::ObjectId('4e49469f52e4ec14f8000016')}, {"_id"=>BSON::ObjectId('4e49469f52e4ec14f8000016'), "did"=>"e38243f19e001f85c32c595910efd34e", "sid"=>"1313257056837", "s"=>"k4", "v"=>2.3529413})
Rendered text template (0.0ms)
MONGODB mycar_development['readings'].update({:_id=>BSON::ObjectId('4e49469f52e4ec14f8000018')}, {"_id"=>BSON::ObjectId('4e49469f52e4ec14f8000018'), "did"=>"e38243f19e001f85c32c595910efd34e", "sid"=>"1313257056837", "s"=>"k5", "v"=>101.0})
Completed 500 Internal Server Error in 32ms

AbstractController::DoubleRenderError (Render and/or redirect were called multiple times in this action. Please note that you may only call render OR redirect, and at most once per action. Also note that neither redirect nor render terminate execution of the action, so if you want to exit an action after redirecting, you need to do something like "redirect_to(...) and return".):
  app/controllers/torque_controller.rb:28:in `block in index'
  app/controllers/torque_controller.rb:18:in `each'
  app/controllers/torque_controller.rb:18:in `index'

Rendered /home/paul/.rvm/gems/ruby-1.9.2-p290/gems/actionpack-3.0.9/lib/action_dispatch/middleware/templates/rescues/_trace.erb (0.7ms)
Rendered /home/paul/.rvm/gems/ruby-1.9.2-p290/gems/actionpack-3.0.9/lib/action_dispatch/middleware/templates/rescues/_request_and_response.erb (4.8ms)
Rendered /home/paul/.rvm/gems/ruby-1.9.2-p290/gems/actionpack-3.0.9/lib/action_dispatch/middleware/templates/rescues/diagnostics.erb within rescues/layout (7.4ms)


Started GET "/torque?v=3&session=1313257056837&id=e38243f19e001f85c32c595910efd34e&time=1313258621864&k4=2.3529413&k5=101.0&kd=0.0&ke=20.0&k11=6.666667&kf=34.0&k14=-7.03125&k18=-3.90625&kff1214=0.635&kff1215=0.44&kff1218=0.33499998&kff1219=0.44&k10=0.0&kff1223=-0.04885033" for 16.25.132.170 at 2011-08-15 17:19:28 +0100
  Processing by TorqueController#index as HTML
  Parameters: {"v"=>"3", "session"=>"1313257056837", "id"=>"e38243f19e001f85c32c595910efd34e", "time"=>"1313258621864", "k4"=>"2.3529413", "k5"=>"101.0", "kd"=>"0.0", "ke"=>"20.0", "k11"=>"6.666667", "kf"=>"34.0", "k14"=>"-7.03125", "k18"=>"-3.90625", "kff1214"=>"0.635", "kff1215"=>"0.44", "kff1218"=>"0.33499998", "kff1219"=>"0.44", "k10"=>"0.0", "kff1223"=>"-0.04885033"}
Attempting to find device
MONGODB mycar_development['devices'].find({:deviceid=>"e38243f19e001f85c32c595910efd34e"})
MONGODB mycar_development['readings'].update({:_id=>BSON::ObjectId('4e49471052e4ec14f800001b')}, {"_id"=>BSON::ObjectId('4e49471052e4ec14f800001b'), "did"=>"e38243f19e001f85c32c595910efd34e", "sid"=>"1313257056837", "s"=>"k4", "v"=>2.3529413})
Rendered text template (0.0ms)
MONGODB mycar_development['readings'].update({:_id=>BSON::ObjectId('4e49471052e4ec14f800001d')}, {"_id"=>BSON::ObjectId('4e49471052e4ec14f800001d'), "did"=>"e38243f19e001f85c32c595910efd34e", "sid"=>"1313257056837", "s"=>"k5", "v"=>101.0})
Completed 500 Internal Server Error in 17ms

AbstractController::DoubleRenderError (Render and/or redirect were called multiple times in this action. Please note that you may only call render OR redirect, and at most once per action. Also note that neither redirect nor render terminate execution of the action, so if you want to exit an action after redirecting, you need to do something like "redirect_to(...) and return".):
  app/controllers/torque_controller.rb:28:in `block in index'
  app/controllers/torque_controller.rb:18:in `each'
  app/controllers/torque_controller.rb:18:in `index'

Rendered /home/paul/.rvm/gems/ruby-1.9.2-p290/gems/actionpack-3.0.9/lib/action_dispatch/middleware/templates/rescues/_trace.erb (0.8ms)
Rendered /home/paul/.rvm/gems/ruby-1.9.2-p290/gems/actionpack-3.0.9/lib/action_dispatch/middleware/templates/rescues/_request_and_response.erb (19.3ms)
Rendered /home/paul/.rvm/gems/ruby-1.9.2-p290/gems/actionpack-3.0.9/lib/action_dispatch/middleware/templates/rescues/diagnostics.erb within rescues/layout (22.4ms)


Started GET "/torque?v=3&session=1313257056837&id=e38243f19e001f85c32c595910efd34e&time=1313258621864&k4=2.3529413&k5=101.0&kd=0.0&ke=20.0&k11=6.666667&kf=34.0&k14=-7.03125&k18=-3.90625&kff1214=0.635&kff1215=0.44&kff1218=0.33499998&kff1219=0.44&k10=0.0&kff1223=-0.04885033" for 16.25.132.170 at 2011-08-15 17:20:35 +0100
  Processing by TorqueController#index as HTML
  Parameters: {"v"=>"3", "session"=>"1313257056837", "id"=>"e38243f19e001f85c32c595910efd34e", "time"=>"1313258621864", "k4"=>"2.3529413", "k5"=>"101.0", "kd"=>"0.0", "ke"=>"20.0", "k11"=>"6.666667", "kf"=>"34.0", "k14"=>"-7.03125", "k18"=>"-3.90625", "kff1214"=>"0.635", "kff1215"=>"0.44", "kff1218"=>"0.33499998", "kff1219"=>"0.44", "k10"=>"0.0", "kff1223"=>"-0.04885033"}
Attempting to find device
MONGODB mycar_development['devices'].find({:deviceid=>"e38243f19e001f85c32c595910efd34e"})
MONGODB mycar_development['readings'].update({:_id=>BSON::ObjectId('4e49475352e4ec14f8000020')}, {"_id"=>BSON::ObjectId('4e49475352e4ec14f8000020'), "did"=>"e38243f19e001f85c32c595910efd34e", "sid"=>"1313257056837", "s"=>"k4", "v"=>2.3529413})
MONGODB mycar_development['readings'].update({:_id=>BSON::ObjectId('4e49475352e4ec14f8000022')}, {"_id"=>BSON::ObjectId('4e49475352e4ec14f8000022'), "did"=>"e38243f19e001f85c32c595910efd34e", "sid"=>"1313257056837", "s"=>"k5", "v"=>101.0})
MONGODB mycar_development['readings'].update({:_id=>BSON::ObjectId('4e49475352e4ec14f8000024')}, {"_id"=>BSON::ObjectId('4e49475352e4ec14f8000024'), "did"=>"e38243f19e001f85c32c595910efd34e", "sid"=>"1313257056837", "s"=>"kd", "v"=>0.0})
MONGODB mycar_development['readings'].update({:_id=>BSON::ObjectId('4e49475352e4ec14f8000026')}, {"_id"=>BSON::ObjectId('4e49475352e4ec14f8000026'), "did"=>"e38243f19e001f85c32c595910efd34e", "sid"=>"1313257056837", "s"=>"ke", "v"=>20.0})
MONGODB mycar_development['readings'].update({:_id=>BSON::ObjectId('4e49475352e4ec14f8000028')}, {"_id"=>BSON::ObjectId('4e49475352e4ec14f8000028'), "did"=>"e38243f19e001f85c32c595910efd34e", "sid"=>"1313257056837", "s"=>"k11", "v"=>6.666667})
MONGODB mycar_development['readings'].update({:_id=>BSON::ObjectId('4e49475352e4ec14f800002a')}, {"_id"=>BSON::ObjectId('4e49475352e4ec14f800002a'), "did"=>"e38243f19e001f85c32c595910efd34e", "sid"=>"1313257056837", "s"=>"kf", "v"=>34.0})
MONGODB mycar_development['readings'].update({:_id=>BSON::ObjectId('4e49475352e4ec14f800002c')}, {"_id"=>BSON::ObjectId('4e49475352e4ec14f800002c'), "did"=>"e38243f19e001f85c32c595910efd34e", "sid"=>"1313257056837", "s"=>"k14", "v"=>-7.03125})
MONGODB mycar_development['readings'].update({:_id=>BSON::ObjectId('4e49475352e4ec14f800002e')}, {"_id"=>BSON::ObjectId('4e49475352e4ec14f800002e'), "did"=>"e38243f19e001f85c32c595910efd34e", "sid"=>"1313257056837", "s"=>"k18", "v"=>-3.90625})
MONGODB mycar_development['readings'].update({:_id=>BSON::ObjectId('4e49475352e4ec14f8000030')}, {"_id"=>BSON::ObjectId('4e49475352e4ec14f8000030'), "did"=>"e38243f19e001f85c32c595910efd34e", "sid"=>"1313257056837", "s"=>"kff1214", "v"=>0.635})
MONGODB mycar_development['readings'].update({:_id=>BSON::ObjectId('4e49475352e4ec14f8000032')}, {"_id"=>BSON::ObjectId('4e49475352e4ec14f8000032'), "did"=>"e38243f19e001f85c32c595910efd34e", "sid"=>"1313257056837", "s"=>"kff1215", "v"=>0.44})
MONGODB mycar_development['readings'].update({:_id=>BSON::ObjectId('4e49475352e4ec14f8000034')}, {"_id"=>BSON::ObjectId('4e49475352e4ec14f8000034'), "did"=>"e38243f19e001f85c32c595910efd34e", "sid"=>"1313257056837", "s"=>"kff1218", "v"=>0.33499998})
MONGODB mycar_development['readings'].update({:_id=>BSON::ObjectId('4e49475352e4ec14f8000036')}, {"_id"=>BSON::ObjectId('4e49475352e4ec14f8000036'), "did"=>"e38243f19e001f85c32c595910efd34e", "sid"=>"1313257056837", "s"=>"kff1219", "v"=>0.44})
MONGODB mycar_development['readings'].update({:_id=>BSON::ObjectId('4e49475352e4ec14f8000038')}, {"_id"=>BSON::ObjectId('4e49475352e4ec14f8000038'), "did"=>"e38243f19e001f85c32c595910efd34e", "sid"=>"1313257056837", "s"=>"k10", "v"=>0.0})
MONGODB mycar_development['readings'].update({:_id=>BSON::ObjectId('4e49475352e4ec14f800003a')}, {"_id"=>BSON::ObjectId('4e49475352e4ec14f800003a'), "did"=>"e38243f19e001f85c32c595910efd34e", "sid"=>"1313257056837", "s"=>"kff1223", "v"=>-0.04885033})
Rendered text template (0.0ms)
Completed 200 OK in 24ms (Views: 0.5ms)


Started GET "/readings/" for 16.25.132.170 at 2011-08-15 17:20:44 +0100
  Processing by ReadingsController#index as HTML
MONGODB mycar_development['readings'].find({})
Rendered readings/index.html.erb within layouts/application (34.7ms)
Completed 200 OK in 48ms (Views: 36.5ms)


Started GET "/readings/4e49469f52e4ec14f8000016" for 16.25.132.170 at 2011-08-15 17:22:36 +0100
  Processing by ReadingsController#show as HTML
  Parameters: {"id"=>"4e49469f52e4ec14f8000016"}
MONGODB mycar_development['readings'].find({:_id=>BSON::ObjectId('4e49469f52e4ec14f8000016')})
Rendered readings/show.html.erb within layouts/application (3.1ms)
Completed 200 OK in 15ms (Views: 6.6ms)
MongoDB logging. Please note that logging negatively impacts performance and should be disabled for high-performance production apps.
MONGODB admin['$cmd'].find({:ismaster=>1})
MONGODB admin['$cmd'].find({:ismaster=>1})
MongoDB logging. Please note that logging negatively impacts performance and should be disabled for high-performance production apps.
MONGODB admin['$cmd'].find({:ismaster=>1})
MONGODB admin['$cmd'].find({:ismaster=>1})


Started GET "/sessions/" for 16.25.132.170 at 2011-08-15 17:46:21 +0100

ActionController::RoutingError (No route matches "/sessions"):
  

Rendered /home/paul/.rvm/gems/ruby-1.9.2-p290/gems/actionpack-3.0.9/lib/action_dispatch/middleware/templates/rescues/routing_error.erb within rescues/layout (0.7ms)


Started GET "/sessions/" for 16.25.132.170 at 2011-08-15 17:46:39 +0100
  Processing by SessionsController#index as HTML
Rendered sessions/index.html.erb within layouts/application (0.9ms)
Completed 200 OK in 3ms (Views: 2.9ms)


Started GET "/javascripts/highcharts.js" for 16.25.132.170 at 2011-08-15 17:46:39 +0100

ActionController::RoutingError (No route matches "/javascripts/highcharts.js"):
  

Rendered /home/paul/.rvm/gems/ruby-1.9.2-p290/gems/actionpack-3.0.9/lib/action_dispatch/middleware/templates/rescues/routing_error.erb within rescues/layout (1.0ms)


Started GET "/javascripts/highcharts.js" for 16.25.132.170 at 2011-08-15 17:46:39 +0100

ActionController::RoutingError (No route matches "/javascripts/highcharts.js"):
  

Rendered /home/paul/.rvm/gems/ruby-1.9.2-p290/gems/actionpack-3.0.9/lib/action_dispatch/middleware/templates/rescues/routing_error.erb within rescues/layout (0.5ms)


Started GET "/javascripts/highcharts.js" for 16.25.132.170 at 2011-08-15 17:46:39 +0100

ActionController::RoutingError (No route matches "/javascripts/highcharts.js"):
  

Rendered /home/paul/.rvm/gems/ruby-1.9.2-p290/gems/actionpack-3.0.9/lib/action_dispatch/middleware/templates/rescues/routing_error.erb within rescues/layout (0.6ms)


Started GET "/sessions/" for 16.25.132.170 at 2011-08-15 17:47:08 +0100
  Processing by SessionsController#index as HTML
Rendered sessions/index.html.erb within layouts/application (0.9ms)
Completed 200 OK in 3ms (Views: 2.7ms)


Started GET "/sessions/" for 16.25.132.170 at 2011-08-15 17:47:43 +0100
  Processing by SessionsController#index as HTML
Rendered sessions/index.html.erb within layouts/application (0.9ms)
Completed 200 OK in 3ms (Views: 3.0ms)
